<?xml version="1.0" encoding="windows-1252"?>
<beans xmlns="http://www.springframework.org/schema/beans"
	xmlns:xsi="http://www.w3.org/2001/XMLSchema-instance" xmlns:p="http://www.springframework.org/schema/p"
	xmlns:context="http://www.springframework.org/schema/context"
	xmlns:mvc="http://www.springframework.org/schema/mvc" xmlns:aop="http://www.springframework.org/schema/aop"
	xmlns:tx="http://www.springframework.org/schema/tx"
	xsi:schemaLocation="
       http://www.springframework.org/schema/beans
       http://www.springframework.org/schema/beans/spring-beans-3.2.xsd
       http://www.springframework.org/schema/context
       http://www.springframework.org/schema/context/spring-context-3.2.xsd
       http://www.springframework.org/schema/mvc
       http://www.springframework.org/schema/mvc/spring-mvc-3.2.xsd
       http://www.springframework.org/schema/aop
       http://www.springframework.org/schema/aop/spring-aop-3.2.xsd
       http://www.springframework.org/schema/tx
       http://www.springframework.org/schema/tx/spring-tx-3.2.xsd">

	<!-- Use @Component annotations for bean definitions -->
	<context:component-scan base-package="com.catalyst" />

	<!-- Use @Controller annotations for MVC controller definitions -->
	<mvc:annotation-driven />

	<aop:config proxy-target-class="true" />

	<!-- Enable the @AspectJ support -->
	<aop:aspectj-autoproxy proxy-target-class="true" />

	<!-- Add JPA support -->
	<bean id="emf"
		class="org.springframework.orm.jpa.LocalContainerEntityManagerFactoryBean">
		<property name="loadTimeWeaver">
			<bean
				class="org.springframework.instrument.classloading.InstrumentationLoadTimeWeaver" />
		</property>
		<property name="packagesToScan" value="com.catalyst" />
		<property name="dataSource" ref="myDataSource" />
	</bean>

	<!-- Add Transaction support -->
	<bean id="myTxManager" class="org.springframework.orm.jpa.JpaTransactionManager">
		<property name="entityManagerFactory" ref="emf" />
	</bean>

	<!-- Use @Transaction annotations for managing transactions -->
	<tx:annotation-driven transaction-manager="myTxManager" />

	<!-- Random Datasource for Junit 4 testing -->
	<bean id="myDataSource"
		class="org.springframework.jdbc.datasource.DriverManagerDataSource">
		<property name="driverClassName" value="com.mysql.jdbc.Driver" />
		<property name="url"
			value="jdbc:mysql//127.0.0.1:3306/testdb" />
		<property name="username" value="root" />
		<property name="password" value="root" />
	</bean>

	<!-- No view resolvers necessary -->
	
	<!-- Daos -->
	<bean id="authDao" class="com.catalyst.drive.daos.AuthDao" />
	<bean id="userDao" class="com.catalyst.drive.daos.UserDao" />
	<bean id="roleDao" class="com.catalyst.drive.daos.RoleDao" />
	
</beans>